<?xml version="1.0" encoding="UTF-8"?>
<testng-results ignored="0" total="3" passed="3" failed="0" skipped="0">
  <reporter-output>
  </reporter-output>
  <suite started-at="2023-10-12T11:40:40Z" name="Default Suite" finished-at="2023-10-12T11:44:04Z" duration-ms="204359">
    <groups>
    </groups>
    <test started-at="2023-10-12T11:40:40Z" name="Command line test 36147abf-35f5-4d3f-8c6b-a967ccf245e4" finished-at="2023-10-12T11:44:04Z" duration-ms="204359">
      <class name="org.testing.Testscripts.tc3">
        <test-method is-config="true" signature="browserlaunch()[pri:0, instance:org.testing.Testscripts.tc3@2473d930]" started-at="2023-10-12T17:11:55Z" name="browserlaunch" finished-at="2023-10-12T17:12:09Z" duration-ms="14050" status="PASS">
          <reporter-output>
          </reporter-output>
        </test-method> <!-- browserlaunch -->
        <test-method signature="subscription()[pri:0, instance:org.testing.Testscripts.tc3@2473d930]" started-at="2023-10-12T17:12:09Z" name="subscription" finished-at="2023-10-12T17:12:55Z" duration-ms="46091" status="PASS">
          <reporter-output>
          </reporter-output>
        </test-method> <!-- subscription -->
        <test-method is-config="true" signature="browerclose()[pri:0, instance:org.testing.Testscripts.tc3@2473d930]" started-at="2023-10-12T17:12:55Z" name="browerclose" finished-at="2023-10-12T17:12:55Z" duration-ms="444" status="PASS">
          <reporter-output>
          </reporter-output>
        </test-method> <!-- browerclose -->
      </class> <!-- org.testing.Testscripts.tc3 -->
      <class name="org.testing.Testscripts.Tc1">
        <test-method is-config="true" signature="browserlaunch()[pri:0, instance:org.testing.Testscripts.Tc1@76908cc0]" started-at="2023-10-12T17:10:40Z" name="browserlaunch" finished-at="2023-10-12T17:11:06Z" duration-ms="25819" status="PASS">
          <reporter-output>
          </reporter-output>
        </test-method> <!-- browserlaunch -->
        <test-method signature="login()[pri:0, instance:org.testing.Testscripts.Tc1@76908cc0]" started-at="2023-10-12T17:11:06Z" name="login" finished-at="2023-10-12T17:11:54Z" duration-ms="48388" status="PASS">
          <reporter-output>
          </reporter-output>
        </test-method> <!-- login -->
        <test-method is-config="true" signature="browerclose()[pri:0, instance:org.testing.Testscripts.Tc1@76908cc0]" started-at="2023-10-12T17:11:54Z" name="browerclose" finished-at="2023-10-12T17:11:55Z" duration-ms="593" status="PASS">
          <reporter-output>
          </reporter-output>
        </test-method> <!-- browerclose -->
      </class> <!-- org.testing.Testscripts.Tc1 -->
      <class name="org.testing.Testscripts.tc6">
        <test-method is-config="true" signature="browserlaunch()[pri:0, instance:org.testing.Testscripts.tc6@35047d03]" started-at="2023-10-12T17:12:55Z" name="browserlaunch" finished-at="2023-10-12T17:13:10Z" duration-ms="15008" status="PASS">
          <reporter-output>
          </reporter-output>
        </test-method> <!-- browserlaunch -->
        <test-method signature="commentonvideo()[pri:0, instance:org.testing.Testscripts.tc6@35047d03]" started-at="2023-10-12T17:13:10Z" name="commentonvideo" finished-at="2023-10-12T17:14:04Z" duration-ms="53463" status="PASS">
          <reporter-output>
          </reporter-output>
        </test-method> <!-- commentonvideo -->
        <test-method is-config="true" signature="browerclose()[pri:0, instance:org.testing.Testscripts.tc6@35047d03]" started-at="2023-10-12T17:14:04Z" name="browerclose" finished-at="2023-10-12T17:14:04Z" duration-ms="432" status="PASS">
          <reporter-output>
          </reporter-output>
        </test-method> <!-- browerclose -->
      </class> <!-- org.testing.Testscripts.tc6 -->
    </test> <!-- Command line test 36147abf-35f5-4d3f-8c6b-a967ccf245e4 -->
  </suite> <!-- Default Suite -->
</testng-results>
