<?xml version="1.0" encoding="UTF-8"?>
<!-- Generated by org.testng.reporters.JUnitXMLReporter -->
<testsuite ignored="0" hostname="DESKTOP-CKBL5PE" failures="0" tests="3" name="Command line test 36147abf-35f5-4d3f-8c6b-a967ccf245e4" time="204.359" errors="0" timestamp="12 Oct 2023 11:44:04 GMT">
  <testcase classname="org.testing.Testscripts.Tc1" name="login" time="48.388"/>
  <testcase classname="org.testing.Testscripts.tc3" name="subscription" time="46.091"/>
  <testcase classname="org.testing.Testscripts.tc6" name="commentonvideo" time="53.463"/>
</testsuite> <!-- Command line test 36147abf-35f5-4d3f-8c6b-a967ccf245e4 -->
