<?xml version="1.0" encoding="UTF-8"?>
<!-- Generated by org.testng.reporters.JUnitXMLReporter -->
<testsuite ignored="0" hostname="DESKTOP-CKBL5PE" failures="0" tests="1" name="Command line test 5b89db1e-75de-4c01-abcf-84fed5776448" time="28.726" errors="0" timestamp="12 Oct 2023 11:33:19 GMT">
  <testcase classname="org.testing.base.base" name="@BeforeMethod browserlaunch" time="0.0">
    <failure type="java.lang.AssertionError" message="expected [https://www.youtube.com] but found [https://www.youtube.com/]">
      <![CDATA[java.lang.AssertionError: expected [https://www.youtube.com] but found [https://www.youtube.com/]
	at org.testing.assertion.hardassertion.assertion(hardassertion.java:12)
	at org.testing.base.base.browserlaunch(base.java:45)
	at org.testing.trigger.trigger.main(trigger.java:50)
... Removed 30 stack frames]]>
    </failure>
  </testcase> <!-- @BeforeMethod browserlaunch -->
  <testcase classname="org.testing.base.base" name="@AfterMethod browerclose" time="0.0">
    <skipped/>
  </testcase> <!-- @AfterMethod browerclose -->
  <testcase classname="org.testing.Testscripts.Tc1" name="login" time="0.0">
    <skipped/>
  </testcase> <!-- login -->
</testsuite> <!-- Command line test 5b89db1e-75de-4c01-abcf-84fed5776448 -->
